# JRE version: Java(TM) SE Runtime Environment (15.0.1+9) (build 15.0.1+9-18)
# Java VM: Java HotSpot(TM) 64-Bit Server VM (15.0.1+9-18, mixed mode, sharing, tiered, compressed oops, g1 gc, windows-amd64)
GC Precious Log:
 CPUs: 8 total, 8 available
 Memory: 8040M
 Large Page Support: Disabled
 NUMA Support: Disabled
 Compressed Oops: Enabled (32-bit)
 Heap Region Size: 1M
 Heap Min Capacity: 8M
 Heap Initial Capacity: 126M
 Heap Max Capacity: 2012M
 Pre-touch: Disabled
 Parallel Workers: 8
 Concurrent Workers: 2
 Concurrent Refinement Workers: 8
 Periodic GC: Disabled
Heap:
 garbage-first heap   total 225280K, used 72897K [0x0000000082400000, 0x0000000100000000)
  region size 1024K, 3 young (3072K), 3 survivors (3072K)
 Metaspace       used 31256K, capacity 31875K, committed 32000K, reserved 1077248K
  class space    used 3295K, capacity 3513K, committed 3584K, reserved 1048576K
GC Heap History (20 events):
Event: 6.132 GC heap after
{Heap after GC invocations=10 (full 0):
 garbage-first heap   total 75776K, used 30938K [0x0000000082400000, 0x0000000100000000)
  region size 1024K, 1 young (1024K), 1 survivors (1024K)
 Metaspace       used 24967K, capacity 25526K, committed 25856K, reserved 1073152K
  class space    used 2756K, capacity 2954K, committed 3072K, reserved 1048576K
}
Event: 6.476 GC heap before
{Heap before GC invocations=11 (full 0):
 garbage-first heap   total 75776K, used 54490K [0x0000000082400000, 0x0000000100000000)
  region size 1024K, 25 young (25600K), 1 survivors (1024K)
 Metaspace       used 25030K, capacity 25590K, committed 25856K, reserved 1073152K
  class space    used 2757K, capacity 2954K, committed 3072K, reserved 1048576K
}
Event: 6.480 GC heap after
{Heap after GC invocations=12 (full 0):
 garbage-first heap   total 75776K, used 35530K [0x0000000082400000, 0x0000000100000000)
  region size 1024K, 4 young (4096K), 4 survivors (4096K)
 Metaspace       used 25030K, capacity 25590K, committed 25856K, reserved 1073152K
  class space    used 2757K, capacity 2954K, committed 3072K, reserved 1048576K
}
Event: 6.725 GC heap before
{Heap before GC invocations=12 (full 0):
 garbage-first heap   total 75776K, used 56010K [0x0000000082400000, 0x0000000100000000)
  region size 1024K, 25 young (25600K), 4 survivors (4096K)
 Metaspace       used 25615K, capacity 26088K, committed 26368K, reserved 1073152K
  class space    used 2819K, capacity 2992K, committed 3072K, reserved 1048576K
}
Event: 6.735 GC heap after
{Heap after GC invocations=13 (full 0):
 garbage-first heap   total 75776K, used 39575K [0x0000000082400000, 0x0000000100000000)
  region size 1024K, 4 young (4096K), 4 survivors (4096K)
 Metaspace       used 25615K, capacity 26088K, committed 26368K, reserved 1073152K
  class space    used 2819K, capacity 2992K, committed 3072K, reserved 1048576K
}
Event: 6.841 GC heap before
{Heap before GC invocations=13 (full 0):
 garbage-first heap   total 75776K, used 46743K [0x0000000082400000, 0x0000000100000000)
  region size 1024K, 12 young (12288K), 4 survivors (4096K)
 Metaspace       used 25840K, capacity 26410K, committed 26624K, reserved 1073152K
  class space    used 2820K, capacity 2992K, committed 3072K, reserved 1048576K
}
Event: 6.850 GC heap after
{Heap after GC invocations=14 (full 0):
 garbage-first heap   total 75776K, used 41561K [0x0000000082400000, 0x0000000100000000)
  region size 1024K, 2 young (2048K), 2 survivors (2048K)
 Metaspace       used 25840K, capacity 26410K, committed 26624K, reserved 1073152K
  class space    used 2820K, capacity 2992K, committed 3072K, reserved 1048576K
}
Event: 7.224 GC heap before
{Heap before GC invocations=15 (full 0):
 garbage-first heap   total 76800K, used 57945K [0x0000000082400000, 0x0000000100000000)
  region size 1024K, 18 young (18432K), 2 survivors (2048K)
 Metaspace       used 27779K, capacity 28343K, committed 28544K, reserved 1075200K
  class space    used 2991K, capacity 3191K, committed 3200K, reserved 1048576K
}
Event: 7.234 GC heap after
{Heap after GC invocations=16 (full 0):
 garbage-first heap   total 76800K, used 45684K [0x0000000082400000, 0x0000000100000000)
  region size 1024K, 3 young (3072K), 3 survivors (3072K)
 Metaspace       used 27779K, capacity 28343K, committed 28544K, reserved 1075200K
  class space    used 2991K, capacity 3191K, committed 3200K, reserved 1048576K
}
Event: 7.486 GC heap before
{Heap before GC invocations=16 (full 0):
 garbage-first heap   total 76800K, used 60020K [0x0000000082400000, 0x0000000100000000)
  region size 1024K, 18 young (18432K), 3 survivors (3072K)
 Metaspace       used 31051K, capacity 31619K, committed 31744K, reserved 1077248K
  class space    used 3292K, capacity 3513K, committed 3584K, reserved 1048576K
}
Event: 7.494 GC heap after
{Heap after GC invocations=17 (full 0):
 garbage-first heap   total 76800K, used 47321K [0x0000000082400000, 0x0000000100000000)
  region size 1024K, 2 young (2048K), 2 survivors (2048K)
 Metaspace       used 31051K, capacity 31619K, committed 31744K, reserved 1077248K
  class space    used 3292K, capacity 3513K, committed 3584K, reserved 1048576K
}
Event: 7.572 GC heap before
{Heap before GC invocations=18 (full 0):
 garbage-first heap   total 89088K, used 53465K [0x0000000082400000, 0x0000000100000000)
  region size 1024K, 9 young (9216K), 2 survivors (2048K)
 Metaspace       used 31108K, capacity 31747K, committed 32000K, reserved 1077248K
  class space    used 3293K, capacity 3513K, committed 3584K, reserved 1048576K
}
Event: 7.581 GC heap after
{Heap after GC invocations=19 (full 0):
 garbage-first heap   total 107520K, used 48566K [0x0000000082400000, 0x0000000100000000)
  region size 1024K, 2 young (2048K), 2 survivors (2048K)
 Metaspace       used 31108K, capacity 31747K, committed 32000K, reserved 1077248K
  class space    used 3293K, capacity 3513K, committed 3584K, reserved 1048576K
}
Event: 7.895 GC heap before
{Heap before GC invocations=20 (full 0):
 garbage-first heap   total 107520K, used 79286K [0x0000000082400000, 0x0000000100000000)
  region size 1024K, 31 young (31744K), 2 survivors (2048K)
 Metaspace       used 31192K, capacity 31811K, committed 32000K, reserved 1077248K
  class space    used 3294K, capacity 3513K, committed 3584K, reserved 1048576K
}
Event: 7.920 GC heap after
{Heap after GC invocations=21 (full 0):
 garbage-first heap   total 107520K, used 56450K [0x0000000082400000, 0x0000000100000000)
  region size 1024K, 4 young (4096K), 4 survivors (4096K)
 Metaspace       used 31192K, capacity 31811K, committed 32000K, reserved 1077248K
  class space    used 3294K, capacity 3513K, committed 3584K, reserved 1048576K
}
Event: 8.369 GC heap before
{Heap before GC invocations=22 (full 0):
 garbage-first heap   total 107520K, used 84098K [0x0000000082400000, 0x0000000100000000)
  region size 1024K, 28 young (28672K), 4 survivors (4096K)
 Metaspace       used 31225K, capacity 31875K, committed 32000K, reserved 1077248K
  class space    used 3295K, capacity 3513K, committed 3584K, reserved 1048576K
}
Event: 8.386 GC heap after
{Heap after GC invocations=23 (full 0):
 garbage-first heap   total 107520K, used 62523K [0x0000000082400000, 0x0000000100000000)
  region size 1024K, 4 young (4096K), 4 survivors (4096K)
 Metaspace       used 31225K, capacity 31875K, committed 32000K, reserved 1077248K
  class space    used 3295K, capacity 3513K, committed 3584K, reserved 1048576K
}
Event: 8.556 GC heap before
{Heap before GC invocations=23 (full 0):
 garbage-first heap   total 107520K, used 84027K [0x0000000082400000, 0x0000000100000000)
  region size 1024K, 25 young (25600K), 4 survivors (4096K)
 Metaspace       used 31241K, capacity 31875K, committed 32000K, reserved 1077248K
  class space    used 3295K, capacity 3513K, committed 3584K, reserved 1048576K
}
Event: 8.575 GC heap after
{Heap after GC invocations=24 (full 0):
 garbage-first heap   total 107520K, used 68180K [0x0000000082400000, 0x0000000100000000)
  region size 1024K, 4 young (4096K), 4 survivors (4096K)
 Metaspace       used 31241K, capacity 31875K, committed 32000K, reserved 1077248K
  class space    used 3295K, capacity 3513K, committed 3584K, reserved 1048576K
}
Event: 8.799 GC heap before
{Heap before GC invocations=25 (full 0):
 garbage-first heap   total 126976K, used 85588K [0x0000000082400000, 0x0000000100000000)
  region size 1024K, 21 young (21504K), 4 survivors (4096K)
 Metaspace       used 31256K, capacity 31875K, committed 32000K, reserved 1077248K
  class space    used 3295K, capacity 3513K, committed 3584K, reserved 1048576K
}

